0 info it worked if it ends with ok
1 verbose cli [ '/usr/local/bin/node',
1 verbose cli   '/usr/local/bin/npm',
1 verbose cli   'install',
1 verbose cli   '-g',
1 verbose cli   'docmeteor' ]
2 info using npm@1.4.28
3 info using node@v0.10.33
4 verbose cache add [ 'docmeteor', null ]
5 verbose cache add name=undefined spec="docmeteor" args=["docmeteor",null]
6 verbose parsed url { protocol: null,
6 verbose parsed url   slashes: null,
6 verbose parsed url   auth: null,
6 verbose parsed url   host: null,
6 verbose parsed url   port: null,
6 verbose parsed url   hostname: null,
6 verbose parsed url   hash: null,
6 verbose parsed url   search: null,
6 verbose parsed url   query: null,
6 verbose parsed url   pathname: 'docmeteor',
6 verbose parsed url   path: 'docmeteor',
6 verbose parsed url   href: 'docmeteor' }
7 silly lockFile 3a31d5fb-docmeteor docmeteor
8 verbose lock docmeteor /home/lukas/.npm/3a31d5fb-docmeteor.lock
9 silly lockFile 3a31d5fb-docmeteor docmeteor
10 silly lockFile 3a31d5fb-docmeteor docmeteor
11 verbose addNamed [ 'docmeteor', '' ]
12 verbose addNamed [ null, '*' ]
13 silly lockFile 43bb8b12-docmeteor docmeteor@
14 verbose lock docmeteor@ /home/lukas/.npm/43bb8b12-docmeteor.lock
15 silly addNameRange { name: 'docmeteor', range: '*', hasData: false }
16 verbose request where is /docmeteor
17 verbose request registry https://registry.npmjs.org/
18 verbose request id 2fc4ba9d0a463b6f
19 verbose url raw /docmeteor
20 verbose url resolving [ 'https://registry.npmjs.org/', './docmeteor' ]
21 verbose url resolved https://registry.npmjs.org/docmeteor
22 verbose request where is https://registry.npmjs.org/docmeteor
23 info trying registry request attempt 1 at 08:55:37
24 http GET https://registry.npmjs.org/docmeteor
25 http 200 https://registry.npmjs.org/docmeteor
26 silly registry.get cb [ 200,
26 silly registry.get   { date: 'Thu, 19 Feb 2015 07:55:37 GMT',
26 silly registry.get     server: 'CouchDB/1.5.0 (Erlang OTP/R16B03)',
26 silly registry.get     etag: '"PKXYJ6UXZ2RII8E266FV8ZG2"',
26 silly registry.get     'content-type': 'application/json',
26 silly registry.get     'cache-control': 'max-age=60',
26 silly registry.get     'content-length': '22071',
26 silly registry.get     'accept-ranges': 'bytes',
26 silly registry.get     via: '1.1 varnish',
26 silly registry.get     age: '0',
26 silly registry.get     'x-served-by': 'cache-fra1239-FRA',
26 silly registry.get     'x-cache': 'MISS',
26 silly registry.get     'x-cache-hits': '0',
26 silly registry.get     'x-timer': 'S1424332537.754178,VS0,VE179',
26 silly registry.get     vary: 'Accept',
26 silly registry.get     'keep-alive': 'timeout=10, max=50',
26 silly registry.get     connection: 'Keep-Alive' } ]
27 silly addNameRange number 2 { name: 'docmeteor', range: '*', hasData: true }
28 silly addNameRange versions [ 'docmeteor',
28 silly addNameRange   [ '0.0.1',
28 silly addNameRange     '0.0.2',
28 silly addNameRange     '0.0.3',
28 silly addNameRange     '0.0.4',
28 silly addNameRange     '0.0.5',
28 silly addNameRange     '0.0.6',
28 silly addNameRange     '0.0.7',
28 silly addNameRange     '0.0.8',
28 silly addNameRange     '0.0.9',
28 silly addNameRange     '0.0.10',
28 silly addNameRange     '0.0.12',
28 silly addNameRange     '0.0.13',
28 silly addNameRange     '0.0.14',
28 silly addNameRange     '0.0.15',
28 silly addNameRange     '0.0.16',
28 silly addNameRange     '0.0.17',
28 silly addNameRange     '0.0.18',
28 silly addNameRange     '0.0.19',
28 silly addNameRange     '0.0.20' ] ]
29 verbose addNamed [ 'docmeteor', '0.0.20' ]
30 verbose addNamed [ '0.0.20', '0.0.20' ]
31 silly lockFile 2458a410-docmeteor-0-0-20 docmeteor@0.0.20
32 verbose lock docmeteor@0.0.20 /home/lukas/.npm/2458a410-docmeteor-0-0-20.lock
33 silly lockFile be9f4af5-g-docmeteor-docmeteor-0-0-20-tgz https://registry.npmjs.org/docmeteor/-/docmeteor-0.0.20.tgz
34 verbose lock https://registry.npmjs.org/docmeteor/-/docmeteor-0.0.20.tgz /home/lukas/.npm/be9f4af5-g-docmeteor-docmeteor-0-0-20-tgz.lock
35 verbose addRemoteTarball [ 'https://registry.npmjs.org/docmeteor/-/docmeteor-0.0.20.tgz',
35 verbose addRemoteTarball   '94ebf9428235a0f0b8e5a55a480d6c668d9d4069' ]
36 info retry fetch attempt 1 at 08:55:37
37 verbose fetch to= /tmp/npm-4465-XOka_bqV/registry.npmjs.org/docmeteor/-/docmeteor-0.0.20.tgz
38 http GET https://registry.npmjs.org/docmeteor/-/docmeteor-0.0.20.tgz
39 http 200 https://registry.npmjs.org/docmeteor/-/docmeteor-0.0.20.tgz
40 silly lockFile be9f4af5-g-docmeteor-docmeteor-0-0-20-tgz https://registry.npmjs.org/docmeteor/-/docmeteor-0.0.20.tgz
41 silly lockFile be9f4af5-g-docmeteor-docmeteor-0-0-20-tgz https://registry.npmjs.org/docmeteor/-/docmeteor-0.0.20.tgz
42 silly lockFile 2458a410-docmeteor-0-0-20 docmeteor@0.0.20
43 silly lockFile 2458a410-docmeteor-0-0-20 docmeteor@0.0.20
44 silly lockFile 43bb8b12-docmeteor docmeteor@
45 silly lockFile 43bb8b12-docmeteor docmeteor@
46 silly resolved [ { name: 'docmeteor',
46 silly resolved     version: '0.0.20',
46 silly resolved     preferGlobal: 'true',
46 silly resolved     description: 'Simple java like annotations + literal documentation parser for Meteor.js packages',
46 silly resolved     keywords: [ 'jsdoc', 'wrapper', 'cli', 'command', 'javascript', 'meteor' ],
46 silly resolved     author:
46 silly resolved      { name: 'Morten N. O. Nørgaard Henriksen',
46 silly resolved        email: 'mh@gi-software.com' },
46 silly resolved     repository: { type: 'git', url: 'https://github.com/raix/docmeteor.git' },
46 silly resolved     bin: { docmeteor: 'docmeteor.js' },
46 silly resolved     dependencies: { commander: '=2.0.0', colors: '=0.6.2', progress: '=1.1.0' },
46 silly resolved     bugs: { url: 'https://github.com/raix/docmeteor/issues' },
46 silly resolved     _id: 'docmeteor@0.0.20',
46 silly resolved     dist:
46 silly resolved      { shasum: '94ebf9428235a0f0b8e5a55a480d6c668d9d4069',
46 silly resolved        tarball: 'http://registry.npmjs.org/docmeteor/-/docmeteor-0.0.20.tgz' },
46 silly resolved     _from: 'docmeteor@',
46 silly resolved     _npmVersion: '1.3.2',
46 silly resolved     _npmUser: { name: 'raix', email: 'mh@gi-software.com' },
46 silly resolved     maintainers: [ [Object] ],
46 silly resolved     directories: {},
46 silly resolved     _shasum: '94ebf9428235a0f0b8e5a55a480d6c668d9d4069',
46 silly resolved     _resolved: 'https://registry.npmjs.org/docmeteor/-/docmeteor-0.0.20.tgz' } ]
47 info install docmeteor@0.0.20 into /usr/local/lib
48 info installOne docmeteor@0.0.20
49 verbose lib/node_modules/docmeteor unbuild
50 verbose tar unpack /home/lukas/.npm/docmeteor/0.0.20/package.tgz
51 silly lockFile b6fa52a2-local-lib-node-modules-docmeteor tar:///usr/local/lib/node_modules/docmeteor
52 verbose lock tar:///usr/local/lib/node_modules/docmeteor /home/lukas/.npm/b6fa52a2-local-lib-node-modules-docmeteor.lock
53 silly lockFile 8e9b2798-npm-docmeteor-0-0-20-package-tgz tar:///home/lukas/.npm/docmeteor/0.0.20/package.tgz
54 verbose lock tar:///home/lukas/.npm/docmeteor/0.0.20/package.tgz /home/lukas/.npm/8e9b2798-npm-docmeteor-0-0-20-package-tgz.lock
55 silly gunzTarPerm modes [ '775', '664' ]
56 error Error: EACCES, mkdir '/usr/local/lib/node_modules/docmeteor'
56 error  { [Error: EACCES, mkdir '/usr/local/lib/node_modules/docmeteor']
56 error   errno: 3,
56 error   code: 'EACCES',
56 error   path: '/usr/local/lib/node_modules/docmeteor',
56 error   fstream_type: 'Directory',
56 error   fstream_path: '/usr/local/lib/node_modules/docmeteor',
56 error   fstream_class: 'DirWriter',
56 error   fstream_stack:
56 error    [ '/usr/local/lib/node_modules/npm/node_modules/fstream/lib/dir-writer.js:36:23',
56 error      '/usr/local/lib/node_modules/npm/node_modules/mkdirp/index.js:46:53',
56 error      'Object.oncomplete (fs.js:107:15)' ] }
57 error Please try running this command again as root/Administrator.
58 error System Linux 3.13.0-45-generic
59 error command "/usr/local/bin/node" "/usr/local/bin/npm" "install" "-g" "docmeteor"
60 error cwd /home/lukas/user-management-demo/packages/softbricks:user-management
61 error node -v v0.10.33
62 error npm -v 1.4.28
63 error path /usr/local/lib/node_modules/docmeteor
64 error fstream_path /usr/local/lib/node_modules/docmeteor
65 error fstream_type Directory
66 error fstream_class DirWriter
67 error code EACCES
68 error errno 3
69 error stack Error: EACCES, mkdir '/usr/local/lib/node_modules/docmeteor'
70 error fstream_stack /usr/local/lib/node_modules/npm/node_modules/fstream/lib/dir-writer.js:36:23
70 error fstream_stack /usr/local/lib/node_modules/npm/node_modules/mkdirp/index.js:46:53
70 error fstream_stack Object.oncomplete (fs.js:107:15)
71 verbose exit [ 3, true ]
